<?xml version="1.0" encoding="UTF-8"?>
<!-- Generated by org.testng.reporters.JUnitReportReporter -->
<testsuite hostname="DESKTOP-7FVDITB" failures="0" tests="1" name="CucumberJava.TestNgRunner" time="10.111" errors="0" timestamp="2024-01-31T08:35:22 CST" skipped="0">
  <testcase classname="CucumberJava.TestNgRunner" name="runScenario" time="10.111"/>
</testsuite> <!-- CucumberJava.TestNgRunner -->
