<?xml version="1.0" encoding="UTF-8"?>
<!-- Generated by org.testng.reporters.JUnitReportReporter -->
<testsuite hostname="DESKTOP-7FVDITB" failures="0" tests="2" name="KavyaSaiAcadamey.Tests.ErrorValidationsTest" time="31.582" errors="0" timestamp="2024-02-02T09:43:28 CST" skipped="1">
  <testcase classname="KavyaSaiAcadamey.Tests.ErrorValidationsTest" name="loginErrorValidation" time="14.297">
    <skipped/>
  </testcase> <!-- loginErrorValidation -->
  <testcase classname="KavyaSaiAcadamey.Tests.ErrorValidationsTest" name="loginErrorValidation" time="17.285"/>
</testsuite> <!-- KavyaSaiAcadamey.Tests.ErrorValidationsTest -->
